Mar  4 20:50:49 alex-Lenovo-ideapad-330S-15IKB apparmor.systemd[615]: Restarting AppArmor
Mar  4 20:50:49 alex-Lenovo-ideapad-330S-15IKB apparmor.systemd[615]: Reloading AppArmor profiles
Mar  4 20:50:49 alex-Lenovo-ideapad-330S-15IKB apparmor.systemd[657]: Skipping profile in /etc/apparmor.d/disable: usr.sbin.rsyslogd
Mar  5 13:00:02 alex-Lenovo-ideapad-330S-15IKB apparmor.systemd[617]: Restarting AppArmor
Mar  5 13:00:02 alex-Lenovo-ideapad-330S-15IKB apparmor.systemd[617]: Reloading AppArmor profiles
Mar  5 13:00:02 alex-Lenovo-ideapad-330S-15IKB apparmor.systemd[660]: Skipping profile in /etc/apparmor.d/disable: usr.sbin.rsyslogd
Mar  5 10:05:49 alex-Lenovo-ideapad-330S-15IKB apparmor.systemd[638]: Restarting AppArmor
Mar  5 10:05:49 alex-Lenovo-ideapad-330S-15IKB apparmor.systemd[638]: Reloading AppArmor profiles
Mar  5 10:05:49 alex-Lenovo-ideapad-330S-15IKB apparmor.systemd[675]: Skipping profile in /etc/apparmor.d/disable: usr.sbin.rsyslogd
Mar  4 17:53:09 alex-Lenovo-ideapad-330S-15IKB goa-daemon[3192]: goa-daemon version 3.44.0 starting
Mar  5 10:02:33 alex-Lenovo-ideapad-330S-15IKB goa-daemon[3217]: goa-daemon version 3.44.0 starting
Mar  5 10:08:06 alex-Lenovo-ideapad-330S-15IKB goa-daemon[3195]: goa-daemon version 3.44.0 starting
Mar  4 20:50:49 alex-Lenovo-ideapad-330S-15IKB dbus-daemon[711]: dbus[711]: Unknown group "power" in message bus configuration file
Mar  4 20:50:52 alex-Lenovo-ideapad-330S-15IKB dbus-daemon[711]: [system] AppArmor D-Bus mediation is enabled
Mar  4 20:50:52 alex-Lenovo-ideapad-330S-15IKB dbus-daemon[711]: [system] Successfully activated service 'org.freedesktop.systemd1'
Mar  4 20:50:52 alex-Lenovo-ideapad-330S-15IKB dbus-daemon[711]: [system] Activating via systemd: service name='org.freedesktop.PolicyKit1' unit='polkit.service' requested by ':1.10' (uid=0 pid=734 comm="/usr/libexec/power-profiles-daemon " label="unconfined")
Mar  4 20:50:52 alex-Lenovo-ideapad-330S-15IKB dbus-daemon[711]: [system] Successfully activated service 'org.freedesktop.PolicyKit1'
Mar  4 20:50:53 alex-Lenovo-ideapad-330S-15IKB dbus-daemon[711]: [system] Activating via systemd: service name='org.freedesktop.hostname1' unit='dbus-org.freedesktop.hostname1.service' requested by ':1.5' (uid=0 pid=709 comm="/usr/lib/bluetooth/bluetoothd " label="unconfined")
Mar  4 20:50:54 alex-Lenovo-ideapad-330S-15IKB dbus-daemon[711]: [system] Successfully activated service 'org.freedesktop.hostname1'
Mar  4 20:50:59 alex-Lenovo-ideapad-330S-15IKB dbus-daemon[711]: [system] Activating via systemd: service name='org.freedesktop.nm_dispatcher' unit='dbus-org.freedesktop.nm-dispatcher.service' requested by ':1.13' (uid=0 pid=712 comm="/usr/sbin/NetworkManager --no-daemon " label="unconfined")
Mar  4 20:50:59 alex-Lenovo-ideapad-330S-15IKB dbus-daemon[711]: [system] Successfully activated service 'org.freedesktop.nm_dispatcher'
Mar  4 20:51:09 alex-Lenovo-ideapad-330S-15IKB dbus-daemon[711]: [system] Activating via systemd: service name='org.freedesktop.network1' unit='dbus-org.freedesktop.network1.service' requested by ':1.25' (uid=0 pid=987 comm="/usr/bin/networkctl list --no-pager --no-legend " label="unconfined")
Mar  4 20:51:09 alex-Lenovo-ideapad-330S-15IKB dbus-daemon[711]: [system] Activation via systemd failed for unit 'dbus-org.freedesktop.network1.service': Unit dbus-org.freedesktop.network1.service not found.
Mar  4 20:51:12 alex-Lenovo-ideapad-330S-15IKB dbus-daemon[711]: [system] Activating via systemd: service name='org.freedesktop.network1' unit='dbus-org.freedesktop.network1.service' requested by ':1.28' (uid=0 pid=1047 comm="networkctl " label="unconfined")
Mar  4 20:51:12 alex-Lenovo-ideapad-330S-15IKB dbus-daemon[711]: [system] Activation via systemd failed for unit 'dbus-org.freedesktop.network1.service': Unit dbus-org.freedesktop.network1.service not found.
Mar  4 17:51:31 alex-Lenovo-ideapad-330S-15IKB dbus-daemon[711]: [system] Activating via systemd: service name='org.freedesktop.RealtimeKit1' unit='rtkit-daemon.service' requested by ':1.34' (uid=128 pid=1260 comm="/usr/bin/pipewire-media-session " label="unconfined")
Mar  4 17:51:31 alex-Lenovo-ideapad-330S-15IKB dbus-daemon[711]: [system] Successfully activated service 'org.freedesktop.RealtimeKit1'
Mar  4 17:51:31 alex-Lenovo-ideapad-330S-15IKB dbus-daemon[711]: [system] Activating via systemd: service name='org.freedesktop.timedate1' unit='dbus-org.freedesktop.timedate1.service' requested by ':1.37' (uid=0 pid=739 comm="/usr/lib/snapd/snapd " label="unconfined")
Mar  4 17:51:31 alex-Lenovo-ideapad-330S-15IKB dbus-daemon[711]: [system] Successfully activated service 'org.freedesktop.timedate1'
Mar  4 17:51:31 alex-Lenovo-ideapad-330S-15IKB dbus-daemon[1265]: [session uid=128 pid=1265] AppArmor D-Bus mediation is enabled
Mar  4 17:51:34 alex-Lenovo-ideapad-330S-15IKB dbus-daemon[1265]: [session uid=128 pid=1265] Activating via systemd: service name='org.freedesktop.portal.Documents' unit='xdg-document-portal.service' requested by ':1.5' (uid=128 pid=1262 comm="/usr/bin/snap run snapd-desktop-integration " label="unconfined")
Mar  4 17:51:35 alex-Lenovo-ideapad-330S-15IKB dbus-daemon[1265]: [session uid=128 pid=1265] Activating via systemd: service name='org.freedesktop.impl.portal.PermissionStore' unit='xdg-permission-store.service' requested by ':1.6' (uid=128 pid=1378 comm="/usr/libexec/xdg-document-portal " label="unconfined")
Mar  4 17:51:35 alex-Lenovo-ideapad-330S-15IKB dbus-daemon[1265]: [session uid=128 pid=1265] Successfully activated service 'org.freedesktop.impl.portal.PermissionStore'
Mar  4 17:51:35 alex-Lenovo-ideapad-330S-15IKB dbus-daemon[1265]: [session uid=128 pid=1265] Successfully activated service 'org.freedesktop.portal.Documents'
Mar  4 17:52:16 alex-Lenovo-ideapad-330S-15IKB dbus-daemon[711]: [system] Activating via systemd: service name='org.freedesktop.nm_dispatcher' unit='dbus-org.freedesktop.nm-dispatcher.service' requested by ':1.13' (uid=0 pid=712 comm="/usr/sbin/NetworkManager --no-daemon " label="unconfined")
Mar  4 17:52:16 alex-Lenovo-ideapad-330S-15IKB dbus-daemon[711]: [system] Successfully activated service 'org.freedesktop.nm_dispatcher'
Mar  4 17:52:34 alex-Lenovo-ideapad-330S-15IKB dbus-daemon[711]: [system] Activating via systemd: service name='org.freedesktop.locale1' unit='dbus-org.freedesktop.locale1.service' requested by ':1.45' (uid=128 pid=1388 comm="/usr/bin/gnome-shell " label="unconfined")
Mar  4 17:52:34 alex-Lenovo-ideapad-330S-15IKB dbus-daemon[711]: [system] Successfully activated service 'org.freedesktop.locale1'
Mar  4 17:52:35 alex-Lenovo-ideapad-330S-15IKB dbus-daemon[711]: [system] Activating via systemd: service name='org.freedesktop.UPower' unit='upower.service' requested by ':1.45' (uid=128 pid=1388 comm="/usr/bin/gnome-shell " label="unconfined")
Mar  4 17:52:36 alex-Lenovo-ideapad-330S-15IKB dbus-daemon[711]: [system] Activating via systemd: service name='org.freedesktop.GeoClue2' unit='geoclue.service' requested by ':1.45' (uid=128 pid=1388 comm="/usr/bin/gnome-shell " label="unconfined")
Mar  4 17:52:36 alex-Lenovo-ideapad-330S-15IKB dbus-daemon[711]: [system] Activating via systemd: service name='org.freedesktop.PackageKit' unit='packagekit.service' requested by ':1.45' (uid=128 pid=1388 comm="/usr/bin/gnome-shell " label="unconfined")
Mar  4 17:52:36 alex-Lenovo-ideapad-330S-15IKB dbus-daemon[711]: [system] Successfully activated service 'org.freedesktop.UPower'
Mar  4 17:52:36 alex-Lenovo-ideapad-330S-15IKB dbus-daemon[711]: [system] Successfully activated service 'org.freedesktop.GeoClue2'
Mar  4 17:52:36 alex-Lenovo-ideapad-330S-15IKB dbus-daemon[711]: [system] Activating via systemd: service name='org.freedesktop.hostname1' unit='dbus-org.freedesktop.hostname1.service' requested by ':1.52' (uid=128 pid=2548 comm="/usr/libexec/gsd-rfkill " label="unconfined")
Mar  4 17:52:36 alex-Lenovo-ideapad-330S-15IKB dbus-daemon[711]: [system] Successfully activated service 'org.freedesktop.hostname1'
Mar  4 17:52:40 alex-Lenovo-ideapad-330S-15IKB dbus-daemon[711]: [system] Successfully activated service 'org.freedesktop.PackageKit'
Mar  4 17:52:43 alex-Lenovo-ideapad-330S-15IKB dbus-daemon[711]: [system] Activating via systemd: service name='net.reactivated.Fprint' unit='fprintd.service' requested by ':1.45' (uid=128 pid=1388 comm="/usr/bin/gnome-shell " label="unconfined")
Mar  4 17:52:44 alex-Lenovo-ideapad-330S-15IKB dbus-daemon[711]: [system] Successfully activated service 'net.reactivated.Fprint'
Mar  4 17:52:58 alex-Lenovo-ideapad-330S-15IKB dbus-daemon[711]: [system] Activating via systemd: service name='org.freedesktop.ColorManager' unit='colord.service' requested by ':1.64' (uid=128 pid=2545 comm="/usr/libexec/gsd-color " label="unconfined")
Mar  4 17:52:58 alex-Lenovo-ideapad-330S-15IKB dbus-daemon[711]: [system] Successfully activated service 'org.freedesktop.ColorManager'
Mar  4 17:53:00 alex-Lenovo-ideapad-330S-15IKB dbus-daemon[2945]: [session uid=1000 pid=2945] AppArmor D-Bus mediation is enabled
Mar  4 17:53:00 alex-Lenovo-ideapad-330S-15IKB dbus-daemon[2945]: [session uid=1000 pid=2945] Activating via systemd: service name='org.freedesktop.portal.Documents' unit='xdg-document-portal.service' requested by ':1.2' (uid=1000 pid=2929 comm="/usr/bin/snap run snapd-desktop-integration " label="unconfined")
Mar  4 17:53:00 alex-Lenovo-ideapad-330S-15IKB dbus-daemon[2945]: [session uid=1000 pid=2945] Activating via systemd: service name='org.freedesktop.impl.portal.PermissionStore' unit='xdg-permission-store.service' requested by ':1.4' (uid=1000 pid=2956 comm="/usr/libexec/xdg-document-portal " label="unconfined")
Mar  4 17:53:00 alex-Lenovo-ideapad-330S-15IKB dbus-daemon[2945]: [session uid=1000 pid=2945] Successfully activated service 'org.freedesktop.impl.portal.PermissionStore'
Mar  4 17:53:00 alex-Lenovo-ideapad-330S-15IKB dbus-daemon[2945]: [session uid=1000 pid=2945] Successfully activated service 'org.freedesktop.portal.Documents'
Mar  4 17:53:03 alex-Lenovo-ideapad-330S-15IKB dbus-daemon[2945]: [session uid=1000 pid=2945] Activating via systemd: service name='org.gtk.vfs.Daemon' unit='gvfs-daemon.service' requested by ':1.12' (uid=1000 pid=3055 comm="/usr/libexec/xdg-desktop-portal-rewrite-launchers " label="unconfined")
Mar  4 17:53:03 alex-Lenovo-ideapad-330S-15IKB dbus-daemon[2945]: [session uid=1000 pid=2945] Successfully activated service 'org.gtk.vfs.Daemon'
Mar  4 17:53:05 alex-Lenovo-ideapad-330S-15IKB dbus-daemon[2945]: [session uid=1000 pid=2945] Activating service name='org.gnome.Shell.CalendarServer' requested by ':1.29' (uid=1000 pid=3103 comm="/usr/bin/gnome-shell " label="unconfined")
Mar  4 17:53:05 alex-Lenovo-ideapad-330S-15IKB dbus-daemon[2945]: [session uid=1000 pid=2945] Activating via systemd: service name='org.gtk.vfs.UDisks2VolumeMonitor' unit='gvfs-udisks2-volume-monitor.service' requested by ':1.29' (uid=1000 pid=3103 comm="/usr/bin/gnome-shell " label="unconfined")
Mar  4 17:53:06 alex-Lenovo-ideapad-330S-15IKB dbus-daemon[2945]: [session uid=1000 pid=2945] Successfully activated service 'org.gtk.vfs.UDisks2VolumeMonitor'
Mar  4 17:53:06 alex-Lenovo-ideapad-330S-15IKB dbus-daemon[2945]: [session uid=1000 pid=2945] Activating via systemd: service name='org.gtk.vfs.MTPVolumeMonitor' unit='gvfs-mtp-volume-monitor.service' requested by ':1.29' (uid=1000 pid=3103 comm="/usr/bin/gnome-shell " label="unconfined")
Mar  4 17:53:06 alex-Lenovo-ideapad-330S-15IKB dbus-daemon[2945]: [session uid=1000 pid=2945] Successfully activated service 'org.gtk.vfs.MTPVolumeMonitor'
Mar  4 17:53:06 alex-Lenovo-ideapad-330S-15IKB dbus-daemon[2945]: [session uid=1000 pid=2945] Activating via systemd: service name='org.gtk.vfs.GPhoto2VolumeMonitor' unit='gvfs-gphoto2-volume-monitor.service' requested by ':1.29' (uid=1000 pid=3103 comm="/usr/bin/gnome-shell " label="unconfined")
Mar  4 17:53:06 alex-Lenovo-ideapad-330S-15IKB dbus-daemon[2945]: [session uid=1000 pid=2945] Activating via systemd: service name='org.gnome.evolution.dataserver.Sources5' unit='evolution-source-registry.service' requested by ':1.33' (uid=1000 pid=3166 comm="/usr/libexec/gnome-shell-calendar-server " label="unconfined")
Mar  4 17:53:06 alex-Lenovo-ideapad-330S-15IKB dbus-daemon[2945]: [session uid=1000 pid=2945] Successfully activated service 'org.gtk.vfs.GPhoto2VolumeMonitor'
Mar  4 17:53:06 alex-Lenovo-ideapad-330S-15IKB dbus-daemon[2945]: [session uid=1000 pid=2945] Activating via systemd: service name='org.gtk.vfs.GoaVolumeMonitor' unit='gvfs-goa-volume-monitor.service' requested by ':1.29' (uid=1000 pid=3103 comm="/usr/bin/gnome-shell " label="unconfined")
Mar  4 17:53:06 alex-Lenovo-ideapad-330S-15IKB dbus-daemon[2945]: [session uid=1000 pid=2945] Activating service name='org.gnome.OnlineAccounts' requested by ':1.35' (uid=1000 pid=3188 comm="/usr/libexec/gvfs-goa-volume-monitor " label="unconfined")
Mar  4 17:53:08 alex-Lenovo-ideapad-330S-15IKB dbus-daemon[2945]: [session uid=1000 pid=2945] Successfully activated service 'org.gnome.evolution.dataserver.Sources5'
Mar  4 17:53:08 alex-Lenovo-ideapad-330S-15IKB dbus-daemon[2945]: [session uid=1000 pid=2945] Activating via systemd: service name='org.gnome.evolution.dataserver.Calendar8' unit='evolution-calendar-factory.service' requested by ':1.33' (uid=1000 pid=3166 comm="/usr/libexec/gnome-shell-calendar-server " label="unconfined")
Mar  4 17:53:08 alex-Lenovo-ideapad-330S-15IKB dbus-daemon[2945]: [session uid=1000 pid=2945] Successfully activated service 'org.gnome.Shell.CalendarServer'
Mar  4 17:53:09 alex-Lenovo-ideapad-330S-15IKB dbus-daemon[2945]: [session uid=1000 pid=2945] Activating service name='org.gnome.Identity' requested by ':1.38' (uid=1000 pid=3192 comm="/usr/libexec/goa-daemon " label="unconfined")
Mar  4 17:53:09 alex-Lenovo-ideapad-330S-15IKB dbus-daemon[2945]: [session uid=1000 pid=2945] Successfully activated service 'org.gnome.OnlineAccounts'
Mar  4 17:53:09 alex-Lenovo-ideapad-330S-15IKB dbus-daemon[2945]: [session uid=1000 pid=2945] Successfully activated service 'org.gtk.vfs.GoaVolumeMonitor'
Mar  4 17:53:09 alex-Lenovo-ideapad-330S-15IKB dbus-daemon[2945]: [session uid=1000 pid=2945] Activating via systemd: service name='org.gtk.vfs.AfcVolumeMonitor' unit='gvfs-afc-volume-monitor.service' requested by ':1.29' (uid=1000 pid=3103 comm="/usr/bin/gnome-shell " label="unconfined")
Mar  4 17:53:09 alex-Lenovo-ideapad-330S-15IKB dbus-daemon[2945]: [session uid=1000 pid=2945] Successfully activated service 'org.gnome.Identity'
Mar  4 17:53:09 alex-Lenovo-ideapad-330S-15IKB dbus-daemon[2945]: [session uid=1000 pid=2945] Successfully activated service 'org.gtk.vfs.AfcVolumeMonitor'
Mar  4 17:53:09 alex-Lenovo-ideapad-330S-15IKB dbus-daemon[2945]: [session uid=1000 pid=2945] Successfully activated service 'org.gnome.evolution.dataserver.Calendar8'
Mar  4 17:53:09 alex-Lenovo-ideapad-330S-15IKB dbus-daemon[2945]: [session uid=1000 pid=2945] Activating via systemd: service name='ca.desrt.dconf' unit='dconf.service' requested by ':1.37' (uid=1000 pid=3202 comm="/usr/libexec/evolution-calendar-factory " label="unconfined")
Mar  4 17:53:09 alex-Lenovo-ideapad-330S-15IKB dbus-daemon[2945]: [session uid=1000 pid=2945] Activating via systemd: service name='org.gnome.evolution.dataserver.AddressBook10' unit='evolution-addressbook-factory.service' requested by ':1.37' (uid=1000 pid=3202 comm="/usr/libexec/evolution-calendar-factory " label="unconfined")
Mar  4 17:53:09 alex-Lenovo-ideapad-330S-15IKB dbus-daemon[2945]: [session uid=1000 pid=2945] Successfully activated service 'ca.desrt.dconf'
Mar  4 17:53:09 alex-Lenovo-ideapad-330S-15IKB dbus-daemon[2945]: [session uid=1000 pid=2945] Successfully activated service 'org.gnome.evolution.dataserver.AddressBook10'
Mar  4 17:53:09 alex-Lenovo-ideapad-330S-15IKB dbus-daemon[2945]: [session uid=1000 pid=2945] Activating via systemd: service name='org.freedesktop.portal.Desktop' unit='xdg-desktop-portal.service' requested by ':1.43' (uid=1000 pid=3322 comm="/snap/snapd-desktop-integration/83/usr/bin/snapd-d" label="snap.snapd-desktop-integration.snapd-desktop-integration (enforce)")
Mar  4 17:53:10 alex-Lenovo-ideapad-330S-15IKB dbus-daemon[2945]: [session uid=1000 pid=2945] Activating via systemd: service name='org.freedesktop.impl.portal.desktop.gnome' unit='xdg-desktop-portal-gnome.service' requested by ':1.44' (uid=1000 pid=3326 comm="/usr/libexec/xdg-desktop-portal " label="unconfined")
Mar  4 17:53:10 alex-Lenovo-ideapad-330S-15IKB dbus-daemon[2945]: [session uid=1000 pid=2945] Activating service name='org.freedesktop.FileManager1' requested by ':1.29' (uid=1000 pid=3103 comm="/usr/bin/gnome-shell " label="unconfined")
Mar  4 17:53:11 alex-Lenovo-ideapad-330S-15IKB dbus-daemon[2945]: [session uid=1000 pid=2945] Activating service name='org.gnome.Shell.Notifications' requested by ':1.29' (uid=1000 pid=3103 comm="/usr/bin/gnome-shell " label="unconfined")
Mar  4 17:53:11 alex-Lenovo-ideapad-330S-15IKB dbus-daemon[2945]: [session uid=1000 pid=2945] Successfully activated service 'org.gnome.Shell.Notifications'
Mar  4 17:53:11 alex-Lenovo-ideapad-330S-15IKB dbus-daemon[711]: [system] Activating via systemd: service name='org.freedesktop.timedate1' unit='dbus-org.freedesktop.timedate1.service' requested by ':1.91' (uid=1000 pid=3374 comm="/usr/libexec/gsd-datetime " label="unconfined")
Mar  4 17:53:11 alex-Lenovo-ideapad-330S-15IKB dbus-daemon[711]: [system] Successfully activated service 'org.freedesktop.timedate1'
Mar  4 17:53:11 alex-Lenovo-ideapad-330S-15IKB dbus-daemon[2945]: [session uid=1000 pid=2945] Activating service name='org.freedesktop.portal.IBus' requested by ':1.65' (uid=1000 pid=3372 comm="/usr/bin/ibus-daemon --panel disable " label="unconfined")
Mar  4 17:53:11 alex-Lenovo-ideapad-330S-15IKB dbus-daemon[2945]: [session uid=1000 pid=2945] Successfully activated service 'org.freedesktop.portal.IBus'
Mar  4 17:53:12 alex-Lenovo-ideapad-330S-15IKB dbus-daemon[2945]: [session uid=1000 pid=2945] Activating service name='org.gnome.ScreenSaver' requested by ':1.64' (uid=1000 pid=3384 comm="/usr/libexec/gsd-power " label="unconfined")
Mar  4 17:53:12 alex-Lenovo-ideapad-330S-15IKB dbus-daemon[2945]: [session uid=1000 pid=2945] Successfully activated service 'org.gnome.ScreenSaver'
Mar  4 17:53:21 alex-Lenovo-ideapad-330S-15IKB dbus-daemon[2945]: [session uid=1000 pid=2945] Successfully activated service 'org.freedesktop.impl.portal.desktop.gnome'
Mar  4 17:53:21 alex-Lenovo-ideapad-330S-15IKB dbus-daemon[2945]: [session uid=1000 pid=2945] Activating via systemd: service name='org.freedesktop.impl.portal.desktop.gtk' unit='xdg-desktop-portal-gtk.service' requested by ':1.44' (uid=1000 pid=3326 comm="/usr/libexec/xdg-desktop-portal " label="unconfined")
Mar  4 17:53:22 alex-Lenovo-ideapad-330S-15IKB dbus-daemon[2945]: [session uid=1000 pid=2945] Successfully activated service 'org.freedesktop.impl.portal.desktop.gtk'
Mar  4 17:53:22 alex-Lenovo-ideapad-330S-15IKB dbus-daemon[2945]: [session uid=1000 pid=2945] Successfully activated service 'org.freedesktop.portal.Desktop'
Mar  4 17:53:26 alex-Lenovo-ideapad-330S-15IKB dbus-daemon[2945]: [session uid=1000 pid=2945] Successfully activated service 'org.freedesktop.FileManager1'
Mar  4 17:53:26 alex-Lenovo-ideapad-330S-15IKB dbus-daemon[2945]: [session uid=1000 pid=2945] Activating service name='org.gnome.ArchiveManager1' requested by ':1.86' (uid=1000 pid=3710 comm="gjs /usr/share/gnome-shell/extensions/ding@rasters" label="unconfined")
Mar  4 17:53:27 alex-Lenovo-ideapad-330S-15IKB dbus-daemon[2945]: [session uid=1000 pid=2945] Successfully activated service 'org.gnome.ArchiveManager1'
Mar  4 17:53:27 alex-Lenovo-ideapad-330S-15IKB dbus-daemon[2945]: [session uid=1000 pid=2945] Activating via systemd: service name='org.gtk.vfs.Metadata' unit='gvfs-metadata.service' requested by ':1.86' (uid=1000 pid=3710 comm="gjs /usr/share/gnome-shell/extensions/ding@rasters" label="unconfined")
Mar  4 17:53:27 alex-Lenovo-ideapad-330S-15IKB dbus-daemon[2945]: [session uid=1000 pid=2945] Successfully activated service 'org.gtk.vfs.Metadata'
Mar  4 17:53:32 alex-Lenovo-ideapad-330S-15IKB dbus-daemon[711]: [system] Activating via systemd: service name='org.freedesktop.fwupd' unit='fwupd.service' requested by ':1.108' (uid=1000 pid=3594 comm="/snap/snap-store/959/usr/bin/snap-store --gapplica" label="snap.snap-store.ubuntu-software (enforce)")
Mar  4 17:53:39 alex-Lenovo-ideapad-330S-15IKB dbus-daemon[2945]: [session uid=1000 pid=2945] Activating service name='org.gnome.Nautilus' requested by ':1.86' (uid=1000 pid=3710 comm="gjs /usr/share/gnome-shell/extensions/ding@rasters" label="unconfined")
Mar  4 17:53:39 alex-Lenovo-ideapad-330S-15IKB dbus-daemon[2945]: [session uid=1000 pid=2945] Successfully activated service 'org.gnome.Nautilus'
Mar  4 17:53:43 alex-Lenovo-ideapad-330S-15IKB dbus-daemon[711]: [system] Successfully activated service 'org.freedesktop.fwupd'
Mar  4 17:53:43 alex-Lenovo-ideapad-330S-15IKB dbus-daemon[711]: [system] Activating via systemd: service name='org.freedesktop.hostname1' unit='dbus-org.freedesktop.hostname1.service' requested by ':1.109' (uid=1000 pid=3880 comm="/usr/bin/nautilus --gapplication-service " label="unconfined")
Mar  4 17:53:44 alex-Lenovo-ideapad-330S-15IKB dbus-daemon[711]: [system] Successfully activated service 'org.freedesktop.hostname1'
Mar  4 17:54:46 alex-Lenovo-ideapad-330S-15IKB dbus-daemon[2945]: [session uid=1000 pid=2945] Activating service name='org.gnome.gedit' requested by ':1.97' (uid=1000 pid=3880 comm="/usr/bin/nautilus --gapplication-service " label="unconfined")
Mar  4 17:54:47 alex-Lenovo-ideapad-330S-15IKB dbus-daemon[2945]: [session uid=1000 pid=2945] Successfully activated service 'org.gnome.gedit'
Mar  4 17:55:50 alex-Lenovo-ideapad-330S-15IKB dbus-daemon[2945]: [session uid=1000 pid=2945] Activating service name='org.gnome.gedit' requested by ':1.97' (uid=1000 pid=3880 comm="/usr/bin/nautilus --gapplication-service " label="unconfined")
Mar  4 17:55:50 alex-Lenovo-ideapad-330S-15IKB dbus-daemon[2945]: [session uid=1000 pid=2945] Successfully activated service 'org.gnome.gedit'
Mar  4 20:50:58 alex-Lenovo-ideapad-330S-15IKB anacron[905]: Anacron 2.3 started on 2024-03-04
Mar  4 20:50:58 alex-Lenovo-ideapad-330S-15IKB anacron[905]: Normal exit (0 jobs run)
Mar  4 20:50:58 alex-Lenovo-ideapad-330S-15IKB anacron[911]: Anacron 2.3 started on 2024-03-04
Mar  4 20:50:58 alex-Lenovo-ideapad-330S-15IKB anacron[911]: Normal exit (0 jobs run)
Mar  5 13:00:13 alex-Lenovo-ideapad-330S-15IKB anacron[904]: Anacron 2.3 started on 2024-03-05
Mar  5 13:00:13 alex-Lenovo-ideapad-330S-15IKB anacron[904]: Will run job `cron.daily' in 5 min.
Mar  5 13:00:13 alex-Lenovo-ideapad-330S-15IKB anacron[904]: Jobs will be executed sequentially
Mar  5 10:05:59 alex-Lenovo-ideapad-330S-15IKB anacron[921]: Anacron 2.3 started on 2024-03-05
Mar  5 10:05:59 alex-Lenovo-ideapad-330S-15IKB anacron[921]: Will run job `cron.daily' in 5 min.
Mar  5 10:05:59 alex-Lenovo-ideapad-330S-15IKB anacron[921]: Jobs will be executed sequentially
Mar  4 16:17:52 alex-Lenovo-ideapad-330S-15IKB dockerd[1329]: time="2024-03-04T16:17:52.404224588+03:00" level=info msg="Processing signal 'terminated'"
Mar  4 17:52:05 alex-Lenovo-ideapad-330S-15IKB dockerd[1348]: time="2024-03-04T17:52:05.551761616+03:00" level=info msg="Starting up"
Mar  4 17:52:05 alex-Lenovo-ideapad-330S-15IKB dockerd[1348]: time="2024-03-04T17:52:05.807882773+03:00" level=info msg="detected 127.0.0.53 nameserver, assuming systemd-resolved, so using resolv.conf: /run/systemd/resolve/resolv.conf"
Mar  4 17:52:11 alex-Lenovo-ideapad-330S-15IKB dockerd[1348]: time="2024-03-04T17:52:11.927882305+03:00" level=info msg="[graphdriver] using prior storage driver: overlay2"
Mar  4 17:52:12 alex-Lenovo-ideapad-330S-15IKB dockerd[1348]: time="2024-03-04T17:52:12.620223303+03:00" level=info msg="Loading containers: start."
Mar  4 17:52:16 alex-Lenovo-ideapad-330S-15IKB dockerd[1348]: time="2024-03-04T17:52:16.935207819+03:00" level=info msg="Default bridge (docker0) is assigned with an IP address 172.17.0.0/16. Daemon option --bip can be used to set a preferred IP address"
Mar  4 17:52:17 alex-Lenovo-ideapad-330S-15IKB dockerd[1348]: time="2024-03-04T17:52:17.347945940+03:00" level=info msg="Loading containers: done."
Mar  4 17:52:19 alex-Lenovo-ideapad-330S-15IKB dockerd[1348]: time="2024-03-04T17:52:19.236197421+03:00" level=info msg="Docker daemon" commit=f417435 containerd-snapshotter=false storage-driver=overlay2 version=25.0.3
Mar  4 17:52:19 alex-Lenovo-ideapad-330S-15IKB dockerd[1348]: time="2024-03-04T17:52:19.319547994+03:00" level=info msg="Daemon has completed initialization"
Mar  4 17:52:20 alex-Lenovo-ideapad-330S-15IKB dockerd[1348]: time="2024-03-04T17:52:20.578496898+03:00" level=info msg="API listen on /run/docker.sock"
Mar  4 17:58:09 alex-Lenovo-ideapad-330S-15IKB dockerd[1348]: time="2024-03-04T17:58:09.387955728+03:00" level=info msg="Processing signal 'terminated'"
Mar  5 10:01:24 alex-Lenovo-ideapad-330S-15IKB dockerd[1349]: time="2024-03-05T10:01:24.125099414+03:00" level=info msg="Starting up"
Mar  5 10:01:24 alex-Lenovo-ideapad-330S-15IKB dockerd[1349]: time="2024-03-05T10:01:24.267325870+03:00" level=info msg="detected 127.0.0.53 nameserver, assuming systemd-resolved, so using resolv.conf: /run/systemd/resolve/resolv.conf"
Mar  5 10:01:30 alex-Lenovo-ideapad-330S-15IKB dockerd[1349]: time="2024-03-05T10:01:30.593958475+03:00" level=info msg="[graphdriver] using prior storage driver: overlay2"
Mar  5 10:01:31 alex-Lenovo-ideapad-330S-15IKB dockerd[1349]: time="2024-03-05T10:01:31.307330038+03:00" level=info msg="Loading containers: start."
Mar  5 10:01:35 alex-Lenovo-ideapad-330S-15IKB dockerd[1349]: time="2024-03-05T10:01:35.972566951+03:00" level=info msg="Default bridge (docker0) is assigned with an IP address 172.17.0.0/16. Daemon option --bip can be used to set a preferred IP address"
Mar  5 10:01:36 alex-Lenovo-ideapad-330S-15IKB dockerd[1349]: time="2024-03-05T10:01:36.385008270+03:00" level=info msg="Loading containers: done."
Mar  5 10:01:38 alex-Lenovo-ideapad-330S-15IKB dockerd[1349]: time="2024-03-05T10:01:38.323527697+03:00" level=info msg="Docker daemon" commit=f417435 containerd-snapshotter=false storage-driver=overlay2 version=25.0.3
Mar  5 10:01:38 alex-Lenovo-ideapad-330S-15IKB dockerd[1349]: time="2024-03-05T10:01:38.408856224+03:00" level=info msg="Daemon has completed initialization"
Mar  5 10:01:39 alex-Lenovo-ideapad-330S-15IKB dockerd[1349]: time="2024-03-05T10:01:39.629296263+03:00" level=info msg="API listen on /run/docker.sock"
Mar  5 10:07:07 alex-Lenovo-ideapad-330S-15IKB dockerd[1359]: time="2024-03-05T10:07:07.896992318+03:00" level=info msg="Starting up"
Mar  5 10:07:08 alex-Lenovo-ideapad-330S-15IKB dockerd[1359]: time="2024-03-05T10:07:08.117230833+03:00" level=info msg="detected 127.0.0.53 nameserver, assuming systemd-resolved, so using resolv.conf: /run/systemd/resolve/resolv.conf"
Mar  5 10:07:14 alex-Lenovo-ideapad-330S-15IKB dockerd[1359]: time="2024-03-05T10:07:14.170654536+03:00" level=info msg="[graphdriver] using prior storage driver: overlay2"
Mar  5 10:07:14 alex-Lenovo-ideapad-330S-15IKB dockerd[1359]: time="2024-03-05T10:07:14.840989608+03:00" level=info msg="Loading containers: start."
Mar  5 10:07:19 alex-Lenovo-ideapad-330S-15IKB dockerd[1359]: time="2024-03-05T10:07:19.378768730+03:00" level=info msg="Default bridge (docker0) is assigned with an IP address 172.17.0.0/16. Daemon option --bip can be used to set a preferred IP address"
Mar  5 10:07:19 alex-Lenovo-ideapad-330S-15IKB dockerd[1359]: time="2024-03-05T10:07:19.798205974+03:00" level=info msg="Loading containers: done."
Mar  5 10:07:21 alex-Lenovo-ideapad-330S-15IKB dockerd[1359]: time="2024-03-05T10:07:21.588079134+03:00" level=info msg="Docker daemon" commit=f417435 containerd-snapshotter=false storage-driver=overlay2 version=25.0.3
Mar  5 10:07:21 alex-Lenovo-ideapad-330S-15IKB dockerd[1359]: time="2024-03-05T10:07:21.672402982+03:00" level=info msg="Daemon has completed initialization"
Mar  5 10:07:23 alex-Lenovo-ideapad-330S-15IKB dockerd[1359]: time="2024-03-05T10:07:23.020666542+03:00" level=info msg="API listen on /run/docker.sock"
